#
# A fatal error has been detected by the Java Runtime Environment:
#
#  Internal Error (classFileParser.cpp:3375), pid=4428, tid=3064576880
#  Error: ShouldNotReachHere()
#
# JRE version: 6.0_24-b07
# Java VM: Java HotSpot(TM) Server VM (19.1-b02 mixed mode linux-x86 )
# If you would like to submit a bug report, please visit:
#   http://java.sun.com/webapps/bugreport/crash.jsp
#

---------------  T H R E A D  ---------------

Current thread (0x0894d400):  JavaThread "Unknown thread" [_thread_in_vm, id=4433, stack(0xb6a4b000,0xb6a9c000)]

Stack: [0xb6a4b000,0xb6a9c000],  sp=0xb6a9a7c0,  free space=317k
Native frames: (J=compiled Java code, j=interpreted, Vv=VM code, C=native code)
V  [libjvm.so+0x708370]
V  [libjvm.so+0x2e8b5f]
V  [libjvm.so+0x28167a]
V  [libjvm.so+0x287711]
V  [libjvm.so+0x699342]
V  [libjvm.so+0x6973de]
V  [libjvm.so+0x6961a6]
V  [libjvm.so+0x695e10]
V  [libjvm.so+0x69ac2a]
V  [libjvm.so+0x69acbc]
V  [libjvm.so+0x69ad80]
V  [libjvm.so+0x69ab69]
V  [libjvm.so+0x6e0aba]
V  [libjvm.so+0x6e217f]
V  [libjvm.so+0x3a94f8]
V  [libjvm.so+0x6c9c8d]
V  [libjvm.so+0x4025f6]
C  [java+0x305c]
C  [java+0x1942]  JavaMain+0x72
C  [libpthread.so.0+0x596e]


---------------  P R O C E S S  ---------------

Java Threads: ( => current thread )

Other Threads:

=>0x0894d400 (exited) JavaThread "Unknown thread" [_thread_in_vm, id=4433, stack(0xb6a4b000,0xb6a9c000)]

VM state:not at safepoint (not fully initialized)

VM Mutex/Monitor currently owned by a thread: None

Dynamic libraries:
08048000-08052000 r-xp 00000000 08:02 346089     /usr/lib/jvm/java-6-sun-1.6.0.24/jre/bin/java
08052000-08053000 rwxp 00009000 08:02 346089     /usr/lib/jvm/java-6-sun-1.6.0.24/jre/bin/java
08947000-089ad000 rwxp 00000000 00:00 0          [heap]
8ffa5000-9000a000 r-xs 004cb000 08:02 493431     /usr/local/android-sdk-linux_x86/platforms/android-8/android.jar
9000a000-9000b000 ---p 00000000 00:00 0 
9000b000-9008b000 rwxp 00000000 00:00 0 
9008b000-9008c000 ---p 00000000 00:00 0 
9008c000-90114000 rwxp 00000000 00:00 0 
90114000-9012c000 rwxp 00000000 00:00 0 
9012c000-90137000 rwxp 00000000 00:00 0 
90137000-901d4000 rwxp 00000000 00:00 0 
901d4000-901dc000 rwxp 00000000 00:00 0 
901dc000-901f4000 rwxp 00000000 00:00 0 
901f4000-901ff000 rwxp 00000000 00:00 0 
901ff000-9029b000 rwxp 00000000 00:00 0 
9029b000-902a1000 rwxp 00000000 00:00 0 
902a1000-902ef000 rwxp 00000000 00:00 0 
902ef000-912f0000 rwxp 00000000 00:00 0 
912f0000-942f0000 rwxp 00000000 00:00 0 
942f0000-957d0000 rwxp 00000000 00:00 0 
957d0000-a91a0000 rwxp 00000000 00:00 0 
a91a0000-a9c10000 rwxp 00000000 00:00 0 
a9c10000-b38f0000 rwxp 00000000 00:00 0 
b38ff000-b3908000 rwxp 00000000 00:00 0 
b3908000-b39bf000 rwxp 00000000 00:00 0 
b39bf000-b3bff000 rwxp 00000000 00:00 0 
b3bff000-b69bf000 rwxp 00000000 00:00 0 
b69bf000-b69ce000 r-xp 00000000 08:02 354063     /usr/lib/jvm/java-6-sun-1.6.0.24/jre/lib/i386/libzip.so
b69ce000-b69d0000 rwxp 0000e000 08:02 354063     /usr/lib/jvm/java-6-sun-1.6.0.24/jre/lib/i386/libzip.so
b69d0000-b69da000 r-xp 00000000 08:02 2289992    /lib/tls/i686/cmov/libnss_files-2.11.1.so
b69da000-b69db000 r-xp 00009000 08:02 2289992    /lib/tls/i686/cmov/libnss_files-2.11.1.so
b69db000-b69dc000 rwxp 0000a000 08:02 2289992    /lib/tls/i686/cmov/libnss_files-2.11.1.so
b69dc000-b69e4000 r-xp 00000000 08:02 2289994    /lib/tls/i686/cmov/libnss_nis-2.11.1.so
b69e4000-b69e5000 r-xp 00007000 08:02 2289994    /lib/tls/i686/cmov/libnss_nis-2.11.1.so
b69e5000-b69e6000 rwxp 00008000 08:02 2289994    /lib/tls/i686/cmov/libnss_nis-2.11.1.so
b69ee000-b69f6000 rwxs 00000000 08:02 1602582    /tmp/hsperfdata_ubuntu/4428
b69f6000-b6a09000 r-xp 00000000 08:02 2289989    /lib/tls/i686/cmov/libnsl-2.11.1.so
b6a09000-b6a0a000 r-xp 00012000 08:02 2289989    /lib/tls/i686/cmov/libnsl-2.11.1.so
b6a0a000-b6a0b000 rwxp 00013000 08:02 2289989    /lib/tls/i686/cmov/libnsl-2.11.1.so
b6a0b000-b6a0d000 rwxp 00000000 00:00 0 
b6a0e000-b6a14000 r-xp 00000000 08:02 2289990    /lib/tls/i686/cmov/libnss_compat-2.11.1.so
b6a14000-b6a15000 r-xp 00006000 08:02 2289990    /lib/tls/i686/cmov/libnss_compat-2.11.1.so
b6a15000-b6a16000 rwxp 00007000 08:02 2289990    /lib/tls/i686/cmov/libnss_compat-2.11.1.so
b6a16000-b6a1c000 r-xp 00000000 08:02 354081     /usr/lib/jvm/java-6-sun-1.6.0.24/jre/lib/i386/native_threads/libhpi.so
b6a1c000-b6a1d000 rwxp 00006000 08:02 354081     /usr/lib/jvm/java-6-sun-1.6.0.24/jre/lib/i386/native_threads/libhpi.so
b6a1d000-b6a40000 r-xp 00000000 08:02 354058     /usr/lib/jvm/java-6-sun-1.6.0.24/jre/lib/i386/libjava.so
b6a40000-b6a42000 rwxp 00023000 08:02 354058     /usr/lib/jvm/java-6-sun-1.6.0.24/jre/lib/i386/libjava.so
b6a42000-b6a49000 r-xp 00000000 08:02 2289999    /lib/tls/i686/cmov/librt-2.11.1.so
b6a49000-b6a4a000 r-xp 00006000 08:02 2289999    /lib/tls/i686/cmov/librt-2.11.1.so
b6a4a000-b6a4b000 rwxp 00007000 08:02 2289999    /lib/tls/i686/cmov/librt-2.11.1.so
b6a4b000-b6a4e000 ---p 00000000 00:00 0 
b6a4e000-b6a9c000 rwxp 00000000 00:00 0 
b6a9c000-b6ac0000 r-xp 00000000 08:02 2289987    /lib/tls/i686/cmov/libm-2.11.1.so
b6ac0000-b6ac1000 r-xp 00023000 08:02 2289987    /lib/tls/i686/cmov/libm-2.11.1.so
b6ac1000-b6ac2000 rwxp 00024000 08:02 2289987    /lib/tls/i686/cmov/libm-2.11.1.so
b6ac2000-b724f000 r-xp 00000000 08:02 354078     /usr/lib/jvm/java-6-sun-1.6.0.24/jre/lib/i386/server/libjvm.so
b724f000-b72a2000 rwxp 0078d000 08:02 354078     /usr/lib/jvm/java-6-sun-1.6.0.24/jre/lib/i386/server/libjvm.so
b72a2000-b76c1000 rwxp 00000000 00:00 0 
b76c1000-b7814000 r-xp 00000000 08:02 2289983    /lib/tls/i686/cmov/libc-2.11.1.so
b7814000-b7815000 ---p 00153000 08:02 2289983    /lib/tls/i686/cmov/libc-2.11.1.so
b7815000-b7817000 r-xp 00153000 08:02 2289983    /lib/tls/i686/cmov/libc-2.11.1.so
b7817000-b7818000 rwxp 00155000 08:02 2289983    /lib/tls/i686/cmov/libc-2.11.1.so
b7818000-b781b000 rwxp 00000000 00:00 0 
b781b000-b781d000 r-xp 00000000 08:02 2289986    /lib/tls/i686/cmov/libdl-2.11.1.so
b781d000-b781e000 r-xp 00001000 08:02 2289986    /lib/tls/i686/cmov/libdl-2.11.1.so
b781e000-b781f000 rwxp 00002000 08:02 2289986    /lib/tls/i686/cmov/libdl-2.11.1.so
b781f000-b7826000 r-xp 00000000 08:02 354067     /usr/lib/jvm/java-6-sun-1.6.0.24/jre/lib/i386/jli/libjli.so
b7826000-b7828000 rwxp 00006000 08:02 354067     /usr/lib/jvm/java-6-sun-1.6.0.24/jre/lib/i386/jli/libjli.so
b7828000-b7829000 rwxp 00000000 00:00 0 
b7829000-b783e000 r-xp 00000000 08:02 2289997    /lib/tls/i686/cmov/libpthread-2.11.1.so
b783e000-b783f000 r-xp 00014000 08:02 2289997    /lib/tls/i686/cmov/libpthread-2.11.1.so
b783f000-b7840000 rwxp 00015000 08:02 2289997    /lib/tls/i686/cmov/libpthread-2.11.1.so
b7840000-b7842000 rwxp 00000000 00:00 0 
b7844000-b7845000 rwxp 00000000 00:00 0 
b7845000-b7846000 r-xp 00000000 00:00 0 
b7846000-b7851000 r-xp 00000000 08:02 354092     /usr/lib/jvm/java-6-sun-1.6.0.24/jre/lib/i386/libverify.so
b7851000-b7852000 rwxp 0000b000 08:02 354092     /usr/lib/jvm/java-6-sun-1.6.0.24/jre/lib/i386/libverify.so
b7852000-b7854000 rwxp 00000000 00:00 0 
b7854000-b7855000 r-xp 00000000 00:00 0          [vdso]
b7855000-b7870000 r-xp 00000000 08:02 2265548    /lib/ld-2.11.1.so
b7870000-b7871000 r-xp 0001a000 08:02 2265548    /lib/ld-2.11.1.so
b7871000-b7872000 rwxp 0001b000 08:02 2265548    /lib/ld-2.11.1.so
bfdd5000-bfdea000 rwxp 00000000 00:00 0          [stack]

VM Arguments:
jvm_args: -Dfile.encoding=UTF-8 -Xbootclasspath:/usr/local/android-sdk-linux_x86/platforms/android-8/android.jar 
java_command: /home/ubuntu/workspace/HelloPhoneGap/libs/phonegap-1.0.0.jar
Launcher Type: SUN_STANDARD

Environment Variables:
JAVA_HOME=/usr/lib/jvm/java-6-sun
CLASSPATH=.:/usr/lib/jvm/java-6-sun/jre/lib:/usr/lib/jvm/java-6-sun/lib:/usr/lib/jvm/java-6-sun/lib/tools.jar
PATH=/usr/local/sbin:/usr/local/bin:/usr/sbin:/usr/bin:/sbin:/bin:/usr/games:/usr/lib/jvm/java-6-sun/bin
USERNAME=ubuntu
LD_LIBRARY_PATH=/usr/lib/jvm/java-6-sun-1.6.0.24/jre/lib/i386/server:/usr/lib/jvm/java-6-sun-1.6.0.24/jre/lib/i386:/usr/lib/jvm/java-6-sun-1.6.0.24/jre/../lib/i386:/usr/lib/jvm/java-6-sun-1.6.0.24/jre/lib/i386/client:/usr/lib/jvm/java-6-sun-1.6.0.24/jre/lib/i386:/usr/lib/xulrunner-1.9.2.18:/usr/lib/xulrunner-1.9.2.18
SHELL=/bin/bash
DISPLAY=:0.0

Signal Handlers:
SIGSEGV: [libjvm.so+0x708f80], sa_mask[0]=0x7ffbfeff, sa_flags=0x10000004
SIGBUS: [libjvm.so+0x708f80], sa_mask[0]=0x7ffbfeff, sa_flags=0x10000004
SIGFPE: [libjvm.so+0x5c4100], sa_mask[0]=0x7ffbfeff, sa_flags=0x10000004
SIGPIPE: [libjvm.so+0x5c4100], sa_mask[0]=0x7ffbfeff, sa_flags=0x10000004
SIGXFSZ: [libjvm.so+0x5c4100], sa_mask[0]=0x7ffbfeff, sa_flags=0x10000004
SIGILL: [libjvm.so+0x5c4100], sa_mask[0]=0x7ffbfeff, sa_flags=0x10000004
SIGUSR1: SIG_DFL, sa_mask[0]=0x00000000, sa_flags=0x00000000
SIGUSR2: [libjvm.so+0x5c70e0], sa_mask[0]=0x00000004, sa_flags=0x10000004
SIGHUP: SIG_DFL, sa_mask[0]=0x00000000, sa_flags=0x00000000
SIGINT: SIG_DFL, sa_mask[0]=0x00000000, sa_flags=0x00000000
SIGTERM: SIG_DFL, sa_mask[0]=0x00000000, sa_flags=0x00000000
SIGQUIT: SIG_DFL, sa_mask[0]=0x00000000, sa_flags=0x00000000


---------------  S Y S T E M  ---------------

OS:squeeze/sid

uname:Linux 2.6.32-32-generic #62-Ubuntu SMP Wed Apr 20 21:54:21 UTC 2011 i686
libc:glibc 2.11.1 NPTL 2.11.1 
rlimit: STACK 8192k, CORE 0k, NPROC infinity, NOFILE 1024, AS infinity
load average:0.45 0.40 0.36

/proc/meminfo:
MemTotal:        2051360 kB
MemFree:          259712 kB
Buffers:          180464 kB
Cached:           691132 kB
SwapCached:            0 kB
Active:          1128156 kB
Inactive:         557748 kB
Active(anon):     849564 kB
Inactive(anon):    78460 kB
Active(file):     278592 kB
Inactive(file):   479288 kB
Unevictable:           0 kB
Mlocked:               0 kB
HighTotal:       1177480 kB
HighFree:           1736 kB
LowTotal:         873880 kB
LowFree:          257976 kB
SwapTotal:       3906552 kB
SwapFree:        3906552 kB
Dirty:                72 kB
Writeback:             0 kB
AnonPages:        814436 kB
Mapped:           127728 kB
Shmem:            113716 kB
Slab:              59788 kB
SReclaimable:      47404 kB
SUnreclaim:        12384 kB
KernelStack:        3128 kB
PageTables:         6904 kB
NFS_Unstable:          0 kB
Bounce:                0 kB
WritebackTmp:          0 kB
CommitLimit:     4932232 kB
Committed_AS:    2650036 kB
VmallocTotal:     122880 kB
VmallocUsed:       37108 kB
VmallocChunk:      79284 kB
HardwareCorrupted:     0 kB
HugePages_Total:       0
HugePages_Free:        0
HugePages_Rsvd:        0
HugePages_Surp:        0
Hugepagesize:       4096 kB
DirectMap4k:       16376 kB
DirectMap4M:      892928 kB


CPU:total 2 (2 cores per cpu, 1 threads per core) family 6 model 23 stepping 10, cmov, cx8, fxsr, mmx, sse, sse2, sse3, ssse3

Memory: 4k page, physical 2051360k(259712k free), swap 3906552k(3906552k free)

vm_info: Java HotSpot(TM) Server VM (19.1-b02) for linux-x86 JRE (1.6.0_24-b07), built on Feb  2 2011 16:51:52 by "java_re" with gcc 3.2.1-7a (J2SE release)

time: Sat Jul 30 12:42:48 2011
elapsed time: 0 seconds

