#
# A fatal error has been detected by the Java Runtime Environment:
#
#  Internal Error (classFileParser.cpp:3375), pid=3929, tid=3063450480
#  Error: ShouldNotReachHere()
#
# JRE version: 6.0_24-b07
# Java VM: Java HotSpot(TM) Server VM (19.1-b02 mixed mode linux-x86 )
# If you would like to submit a bug report, please visit:
#   http://java.sun.com/webapps/bugreport/crash.jsp
#

---------------  T H R E A D  ---------------

Current thread (0x08e50400):  JavaThread "Unknown thread" [_thread_in_vm, id=3933, stack(0xb6938000,0xb6989000)]

Stack: [0xb6938000,0xb6989000],  sp=0xb69877c0,  free space=317k
Native frames: (J=compiled Java code, j=interpreted, Vv=VM code, C=native code)
V  [libjvm.so+0x708370]
V  [libjvm.so+0x2e8b5f]
V  [libjvm.so+0x28167a]
V  [libjvm.so+0x287711]
V  [libjvm.so+0x699342]
V  [libjvm.so+0x6973de]
V  [libjvm.so+0x6961a6]
V  [libjvm.so+0x695e10]
V  [libjvm.so+0x69ac2a]
V  [libjvm.so+0x69acbc]
V  [libjvm.so+0x69ad80]
V  [libjvm.so+0x69ab69]
V  [libjvm.so+0x6e0aba]
V  [libjvm.so+0x6e217f]
V  [libjvm.so+0x3a94f8]
V  [libjvm.so+0x6c9c8d]
V  [libjvm.so+0x4025f6]
C  [java+0x305c]
C  [java+0x1942]  JavaMain+0x72
C  [libpthread.so.0+0x596e]


---------------  P R O C E S S  ---------------

Java Threads: ( => current thread )

Other Threads:

=>0x08e50400 (exited) JavaThread "Unknown thread" [_thread_in_vm, id=3933, stack(0xb6938000,0xb6989000)]

VM state:not at safepoint (not fully initialized)

VM Mutex/Monitor currently owned by a thread: None

Dynamic libraries:
08048000-08052000 r-xp 00000000 08:02 346089     /usr/lib/jvm/java-6-sun-1.6.0.24/jre/bin/java
08052000-08053000 rwxp 00009000 08:02 346089     /usr/lib/jvm/java-6-sun-1.6.0.24/jre/bin/java
08e4a000-08eb0000 rwxp 00000000 00:00 0          [heap]
8fe95000-8fefa000 r-xs 004cb000 08:02 493431     /usr/local/android-sdk-linux_x86/platforms/android-8/android.jar
8fefa000-8fefb000 ---p 00000000 00:00 0 
8fefb000-8ff7b000 rwxp 00000000 00:00 0 
8ff7b000-8ff7c000 ---p 00000000 00:00 0 
8ff7c000-90004000 rwxp 00000000 00:00 0 
90004000-9001c000 rwxp 00000000 00:00 0 
9001c000-90027000 rwxp 00000000 00:00 0 
90027000-900c4000 rwxp 00000000 00:00 0 
900c4000-900cc000 rwxp 00000000 00:00 0 
900cc000-900e4000 rwxp 00000000 00:00 0 
900e4000-900ef000 rwxp 00000000 00:00 0 
900ef000-9018b000 rwxp 00000000 00:00 0 
9018b000-90191000 rwxp 00000000 00:00 0 
90191000-901df000 rwxp 00000000 00:00 0 
901df000-911e0000 rwxp 00000000 00:00 0 
911e0000-941e0000 rwxp 00000000 00:00 0 
941e0000-956c0000 rwxp 00000000 00:00 0 
956c0000-a9090000 rwxp 00000000 00:00 0 
a9090000-a9b00000 rwxp 00000000 00:00 0 
a9b00000-b37e0000 rwxp 00000000 00:00 0 
b37ec000-b37f5000 rwxp 00000000 00:00 0 
b37f5000-b38ac000 rwxp 00000000 00:00 0 
b38ac000-b3aec000 rwxp 00000000 00:00 0 
b3aec000-b68ac000 rwxp 00000000 00:00 0 
b68ac000-b68bb000 r-xp 00000000 08:02 354063     /usr/lib/jvm/java-6-sun-1.6.0.24/jre/lib/i386/libzip.so
b68bb000-b68bd000 rwxp 0000e000 08:02 354063     /usr/lib/jvm/java-6-sun-1.6.0.24/jre/lib/i386/libzip.so
b68bd000-b68c7000 r-xp 00000000 08:02 2289992    /lib/tls/i686/cmov/libnss_files-2.11.1.so
b68c7000-b68c8000 r-xp 00009000 08:02 2289992    /lib/tls/i686/cmov/libnss_files-2.11.1.so
b68c8000-b68c9000 rwxp 0000a000 08:02 2289992    /lib/tls/i686/cmov/libnss_files-2.11.1.so
b68c9000-b68d1000 r-xp 00000000 08:02 2289994    /lib/tls/i686/cmov/libnss_nis-2.11.1.so
b68d1000-b68d2000 r-xp 00007000 08:02 2289994    /lib/tls/i686/cmov/libnss_nis-2.11.1.so
b68d2000-b68d3000 rwxp 00008000 08:02 2289994    /lib/tls/i686/cmov/libnss_nis-2.11.1.so
b68db000-b68e3000 rwxs 00000000 08:02 1602582    /tmp/hsperfdata_ubuntu/3929
b68e3000-b68f6000 r-xp 00000000 08:02 2289989    /lib/tls/i686/cmov/libnsl-2.11.1.so
b68f6000-b68f7000 r-xp 00012000 08:02 2289989    /lib/tls/i686/cmov/libnsl-2.11.1.so
b68f7000-b68f8000 rwxp 00013000 08:02 2289989    /lib/tls/i686/cmov/libnsl-2.11.1.so
b68f8000-b68fa000 rwxp 00000000 00:00 0 
b68fb000-b6901000 r-xp 00000000 08:02 2289990    /lib/tls/i686/cmov/libnss_compat-2.11.1.so
b6901000-b6902000 r-xp 00006000 08:02 2289990    /lib/tls/i686/cmov/libnss_compat-2.11.1.so
b6902000-b6903000 rwxp 00007000 08:02 2289990    /lib/tls/i686/cmov/libnss_compat-2.11.1.so
b6903000-b6909000 r-xp 00000000 08:02 354081     /usr/lib/jvm/java-6-sun-1.6.0.24/jre/lib/i386/native_threads/libhpi.so
b6909000-b690a000 rwxp 00006000 08:02 354081     /usr/lib/jvm/java-6-sun-1.6.0.24/jre/lib/i386/native_threads/libhpi.so
b690a000-b692d000 r-xp 00000000 08:02 354058     /usr/lib/jvm/java-6-sun-1.6.0.24/jre/lib/i386/libjava.so
b692d000-b692f000 rwxp 00023000 08:02 354058     /usr/lib/jvm/java-6-sun-1.6.0.24/jre/lib/i386/libjava.so
b692f000-b6936000 r-xp 00000000 08:02 2289999    /lib/tls/i686/cmov/librt-2.11.1.so
b6936000-b6937000 r-xp 00006000 08:02 2289999    /lib/tls/i686/cmov/librt-2.11.1.so
b6937000-b6938000 rwxp 00007000 08:02 2289999    /lib/tls/i686/cmov/librt-2.11.1.so
b6938000-b693b000 ---p 00000000 00:00 0 
b693b000-b6989000 rwxp 00000000 00:00 0 
b6989000-b69ad000 r-xp 00000000 08:02 2289987    /lib/tls/i686/cmov/libm-2.11.1.so
b69ad000-b69ae000 r-xp 00023000 08:02 2289987    /lib/tls/i686/cmov/libm-2.11.1.so
b69ae000-b69af000 rwxp 00024000 08:02 2289987    /lib/tls/i686/cmov/libm-2.11.1.so
b69af000-b713c000 r-xp 00000000 08:02 354078     /usr/lib/jvm/java-6-sun-1.6.0.24/jre/lib/i386/server/libjvm.so
b713c000-b718f000 rwxp 0078d000 08:02 354078     /usr/lib/jvm/java-6-sun-1.6.0.24/jre/lib/i386/server/libjvm.so
b718f000-b75ae000 rwxp 00000000 00:00 0 
b75ae000-b7701000 r-xp 00000000 08:02 2289983    /lib/tls/i686/cmov/libc-2.11.1.so
b7701000-b7702000 ---p 00153000 08:02 2289983    /lib/tls/i686/cmov/libc-2.11.1.so
b7702000-b7704000 r-xp 00153000 08:02 2289983    /lib/tls/i686/cmov/libc-2.11.1.so
b7704000-b7705000 rwxp 00155000 08:02 2289983    /lib/tls/i686/cmov/libc-2.11.1.so
b7705000-b7708000 rwxp 00000000 00:00 0 
b7708000-b770a000 r-xp 00000000 08:02 2289986    /lib/tls/i686/cmov/libdl-2.11.1.so
b770a000-b770b000 r-xp 00001000 08:02 2289986    /lib/tls/i686/cmov/libdl-2.11.1.so
b770b000-b770c000 rwxp 00002000 08:02 2289986    /lib/tls/i686/cmov/libdl-2.11.1.so
b770c000-b7713000 r-xp 00000000 08:02 354067     /usr/lib/jvm/java-6-sun-1.6.0.24/jre/lib/i386/jli/libjli.so
b7713000-b7715000 rwxp 00006000 08:02 354067     /usr/lib/jvm/java-6-sun-1.6.0.24/jre/lib/i386/jli/libjli.so
b7715000-b7716000 rwxp 00000000 00:00 0 
b7716000-b772b000 r-xp 00000000 08:02 2289997    /lib/tls/i686/cmov/libpthread-2.11.1.so
b772b000-b772c000 r-xp 00014000 08:02 2289997    /lib/tls/i686/cmov/libpthread-2.11.1.so
b772c000-b772d000 rwxp 00015000 08:02 2289997    /lib/tls/i686/cmov/libpthread-2.11.1.so
b772d000-b772f000 rwxp 00000000 00:00 0 
b7731000-b7732000 rwxp 00000000 00:00 0 
b7732000-b7733000 r-xp 00000000 00:00 0 
b7733000-b773e000 r-xp 00000000 08:02 354092     /usr/lib/jvm/java-6-sun-1.6.0.24/jre/lib/i386/libverify.so
b773e000-b773f000 rwxp 0000b000 08:02 354092     /usr/lib/jvm/java-6-sun-1.6.0.24/jre/lib/i386/libverify.so
b773f000-b7741000 rwxp 00000000 00:00 0 
b7741000-b7742000 r-xp 00000000 00:00 0          [vdso]
b7742000-b775d000 r-xp 00000000 08:02 2265548    /lib/ld-2.11.1.so
b775d000-b775e000 r-xp 0001a000 08:02 2265548    /lib/ld-2.11.1.so
b775e000-b775f000 rwxp 0001b000 08:02 2265548    /lib/ld-2.11.1.so
bfc20000-bfc35000 rwxp 00000000 00:00 0          [stack]

VM Arguments:
jvm_args: -Dfile.encoding=UTF-8 -Xbootclasspath:/usr/local/android-sdk-linux_x86/platforms/android-8/android.jar 
java_command: /home/ubuntu/workspace/HelloPhoneGap/libs/phonegap-1.0.0.jar
Launcher Type: SUN_STANDARD

Environment Variables:
JAVA_HOME=/usr/lib/jvm/java-6-sun
CLASSPATH=.:/usr/lib/jvm/java-6-sun/jre/lib:/usr/lib/jvm/java-6-sun/lib:/usr/lib/jvm/java-6-sun/lib/tools.jar
PATH=/usr/local/sbin:/usr/local/bin:/usr/sbin:/usr/bin:/sbin:/bin:/usr/games:/usr/lib/jvm/java-6-sun/bin
USERNAME=ubuntu
LD_LIBRARY_PATH=/usr/lib/jvm/java-6-sun-1.6.0.24/jre/lib/i386/server:/usr/lib/jvm/java-6-sun-1.6.0.24/jre/lib/i386:/usr/lib/jvm/java-6-sun-1.6.0.24/jre/../lib/i386:/usr/lib/jvm/java-6-sun-1.6.0.24/jre/lib/i386/client:/usr/lib/jvm/java-6-sun-1.6.0.24/jre/lib/i386:/usr/lib/xulrunner-1.9.2.18:/usr/lib/xulrunner-1.9.2.18:/usr/lib/xulrunner-1.9.2.18
SHELL=/bin/bash
DISPLAY=:0.0

Signal Handlers:
SIGSEGV: [libjvm.so+0x708f80], sa_mask[0]=0x7ffbfeff, sa_flags=0x10000004
SIGBUS: [libjvm.so+0x708f80], sa_mask[0]=0x7ffbfeff, sa_flags=0x10000004
SIGFPE: [libjvm.so+0x5c4100], sa_mask[0]=0x7ffbfeff, sa_flags=0x10000004
SIGPIPE: [libjvm.so+0x5c4100], sa_mask[0]=0x7ffbfeff, sa_flags=0x10000004
SIGXFSZ: [libjvm.so+0x5c4100], sa_mask[0]=0x7ffbfeff, sa_flags=0x10000004
SIGILL: [libjvm.so+0x5c4100], sa_mask[0]=0x7ffbfeff, sa_flags=0x10000004
SIGUSR1: SIG_DFL, sa_mask[0]=0x00000000, sa_flags=0x00000000
SIGUSR2: [libjvm.so+0x5c70e0], sa_mask[0]=0x00000004, sa_flags=0x10000004
SIGHUP: SIG_DFL, sa_mask[0]=0x00000000, sa_flags=0x00000000
SIGINT: SIG_DFL, sa_mask[0]=0x00000000, sa_flags=0x00000000
SIGTERM: SIG_DFL, sa_mask[0]=0x00000000, sa_flags=0x00000000
SIGQUIT: SIG_DFL, sa_mask[0]=0x00000000, sa_flags=0x00000000


---------------  S Y S T E M  ---------------

OS:squeeze/sid

uname:Linux 2.6.32-32-generic #62-Ubuntu SMP Wed Apr 20 21:54:21 UTC 2011 i686
libc:glibc 2.11.1 NPTL 2.11.1 
rlimit: STACK 8192k, CORE 0k, NPROC infinity, NOFILE 1024, AS infinity
load average:0.58 0.45 0.39

/proc/meminfo:
MemTotal:        2051360 kB
MemFree:          269028 kB
Buffers:          178892 kB
Cached:           696876 kB
SwapCached:            0 kB
Active:          1083268 kB
Inactive:         593836 kB
Active(anon):     828424 kB
Inactive(anon):    93096 kB
Active(file):     254844 kB
Inactive(file):   500740 kB
Unevictable:           0 kB
Mlocked:               0 kB
HighTotal:       1177480 kB
HighFree:           1736 kB
LowTotal:         873880 kB
LowFree:          267292 kB
SwapTotal:       3906552 kB
SwapFree:        3906552 kB
Dirty:                80 kB
Writeback:             0 kB
AnonPages:        801468 kB
Mapped:           129676 kB
Shmem:            120184 kB
Slab:              59560 kB
SReclaimable:      47344 kB
SUnreclaim:        12216 kB
KernelStack:        3112 kB
PageTables:         6888 kB
NFS_Unstable:          0 kB
Bounce:                0 kB
WritebackTmp:          0 kB
CommitLimit:     4932232 kB
Committed_AS:    2689324 kB
VmallocTotal:     122880 kB
VmallocUsed:       37108 kB
VmallocChunk:      79284 kB
HardwareCorrupted:     0 kB
HugePages_Total:       0
HugePages_Free:        0
HugePages_Rsvd:        0
HugePages_Surp:        0
Hugepagesize:       4096 kB
DirectMap4k:       16376 kB
DirectMap4M:      892928 kB


CPU:total 2 (2 cores per cpu, 1 threads per core) family 6 model 23 stepping 10, cmov, cx8, fxsr, mmx, sse, sse2, sse3, ssse3

Memory: 4k page, physical 2051360k(269028k free), swap 3906552k(3906552k free)

vm_info: Java HotSpot(TM) Server VM (19.1-b02) for linux-x86 JRE (1.6.0_24-b07), built on Feb  2 2011 16:51:52 by "java_re" with gcc 3.2.1-7a (J2SE release)

time: Sat Jul 30 12:21:59 2011
elapsed time: 0 seconds

