#
# A fatal error has been detected by the Java Runtime Environment:
#
#  Internal Error (classFileParser.cpp:3375), pid=4419, tid=3063249776
#  Error: ShouldNotReachHere()
#
# JRE version: 6.0_24-b07
# Java VM: Java HotSpot(TM) Server VM (19.1-b02 mixed mode linux-x86 )
# If you would like to submit a bug report, please visit:
#   http://java.sun.com/webapps/bugreport/crash.jsp
#

---------------  T H R E A D  ---------------

Current thread (0x0959c400):  JavaThread "Unknown thread" [_thread_in_vm, id=4424, stack(0xb6907000,0xb6958000)]

Stack: [0xb6907000,0xb6958000],  sp=0xb69567c0,  free space=317k
Native frames: (J=compiled Java code, j=interpreted, Vv=VM code, C=native code)
V  [libjvm.so+0x708370]
V  [libjvm.so+0x2e8b5f]
V  [libjvm.so+0x28167a]
V  [libjvm.so+0x287711]
V  [libjvm.so+0x699342]
V  [libjvm.so+0x6973de]
V  [libjvm.so+0x6961a6]
V  [libjvm.so+0x695e10]
V  [libjvm.so+0x69ac2a]
V  [libjvm.so+0x69acbc]
V  [libjvm.so+0x69ad80]
V  [libjvm.so+0x69ab69]
V  [libjvm.so+0x6e0aba]
V  [libjvm.so+0x6e217f]
V  [libjvm.so+0x3a94f8]
V  [libjvm.so+0x6c9c8d]
V  [libjvm.so+0x4025f6]
C  [java+0x305c]
C  [java+0x1942]  JavaMain+0x72
C  [libpthread.so.0+0x596e]


---------------  P R O C E S S  ---------------

Java Threads: ( => current thread )

Other Threads:

=>0x0959c400 (exited) JavaThread "Unknown thread" [_thread_in_vm, id=4424, stack(0xb6907000,0xb6958000)]

VM state:not at safepoint (not fully initialized)

VM Mutex/Monitor currently owned by a thread: None

Dynamic libraries:
08048000-08052000 r-xp 00000000 08:02 346089     /usr/lib/jvm/java-6-sun-1.6.0.24/jre/bin/java
08052000-08053000 rwxp 00009000 08:02 346089     /usr/lib/jvm/java-6-sun-1.6.0.24/jre/bin/java
09596000-095fc000 rwxp 00000000 00:00 0          [heap]
8fe65000-8feca000 r-xs 004cb000 08:02 493431     /usr/local/android-sdk-linux_x86/platforms/android-8/android.jar
8feca000-8fecb000 ---p 00000000 00:00 0 
8fecb000-8ff4b000 rwxp 00000000 00:00 0 
8ff4b000-8ff4c000 ---p 00000000 00:00 0 
8ff4c000-8ffd4000 rwxp 00000000 00:00 0 
8ffd4000-8ffec000 rwxp 00000000 00:00 0 
8ffec000-8fff7000 rwxp 00000000 00:00 0 
8fff7000-90094000 rwxp 00000000 00:00 0 
90094000-9009c000 rwxp 00000000 00:00 0 
9009c000-900b4000 rwxp 00000000 00:00 0 
900b4000-900bf000 rwxp 00000000 00:00 0 
900bf000-9015b000 rwxp 00000000 00:00 0 
9015b000-90161000 rwxp 00000000 00:00 0 
90161000-901af000 rwxp 00000000 00:00 0 
901af000-911b0000 rwxp 00000000 00:00 0 
911b0000-941b0000 rwxp 00000000 00:00 0 
941b0000-95690000 rwxp 00000000 00:00 0 
95690000-a9060000 rwxp 00000000 00:00 0 
a9060000-a9ad0000 rwxp 00000000 00:00 0 
a9ad0000-b37b0000 rwxp 00000000 00:00 0 
b37bb000-b37c4000 rwxp 00000000 00:00 0 
b37c4000-b387b000 rwxp 00000000 00:00 0 
b387b000-b3abb000 rwxp 00000000 00:00 0 
b3abb000-b687b000 rwxp 00000000 00:00 0 
b687b000-b688a000 r-xp 00000000 08:02 354063     /usr/lib/jvm/java-6-sun-1.6.0.24/jre/lib/i386/libzip.so
b688a000-b688c000 rwxp 0000e000 08:02 354063     /usr/lib/jvm/java-6-sun-1.6.0.24/jre/lib/i386/libzip.so
b688c000-b6896000 r-xp 00000000 08:02 2289992    /lib/tls/i686/cmov/libnss_files-2.11.1.so
b6896000-b6897000 r-xp 00009000 08:02 2289992    /lib/tls/i686/cmov/libnss_files-2.11.1.so
b6897000-b6898000 rwxp 0000a000 08:02 2289992    /lib/tls/i686/cmov/libnss_files-2.11.1.so
b6898000-b68a0000 r-xp 00000000 08:02 2289994    /lib/tls/i686/cmov/libnss_nis-2.11.1.so
b68a0000-b68a1000 r-xp 00007000 08:02 2289994    /lib/tls/i686/cmov/libnss_nis-2.11.1.so
b68a1000-b68a2000 rwxp 00008000 08:02 2289994    /lib/tls/i686/cmov/libnss_nis-2.11.1.so
b68aa000-b68b2000 rwxs 00000000 08:02 1602582    /tmp/hsperfdata_ubuntu/4419
b68b2000-b68c5000 r-xp 00000000 08:02 2289989    /lib/tls/i686/cmov/libnsl-2.11.1.so
b68c5000-b68c6000 r-xp 00012000 08:02 2289989    /lib/tls/i686/cmov/libnsl-2.11.1.so
b68c6000-b68c7000 rwxp 00013000 08:02 2289989    /lib/tls/i686/cmov/libnsl-2.11.1.so
b68c7000-b68c9000 rwxp 00000000 00:00 0 
b68ca000-b68d0000 r-xp 00000000 08:02 2289990    /lib/tls/i686/cmov/libnss_compat-2.11.1.so
b68d0000-b68d1000 r-xp 00006000 08:02 2289990    /lib/tls/i686/cmov/libnss_compat-2.11.1.so
b68d1000-b68d2000 rwxp 00007000 08:02 2289990    /lib/tls/i686/cmov/libnss_compat-2.11.1.so
b68d2000-b68d8000 r-xp 00000000 08:02 354081     /usr/lib/jvm/java-6-sun-1.6.0.24/jre/lib/i386/native_threads/libhpi.so
b68d8000-b68d9000 rwxp 00006000 08:02 354081     /usr/lib/jvm/java-6-sun-1.6.0.24/jre/lib/i386/native_threads/libhpi.so
b68d9000-b68fc000 r-xp 00000000 08:02 354058     /usr/lib/jvm/java-6-sun-1.6.0.24/jre/lib/i386/libjava.so
b68fc000-b68fe000 rwxp 00023000 08:02 354058     /usr/lib/jvm/java-6-sun-1.6.0.24/jre/lib/i386/libjava.so
b68fe000-b6905000 r-xp 00000000 08:02 2289999    /lib/tls/i686/cmov/librt-2.11.1.so
b6905000-b6906000 r-xp 00006000 08:02 2289999    /lib/tls/i686/cmov/librt-2.11.1.so
b6906000-b6907000 rwxp 00007000 08:02 2289999    /lib/tls/i686/cmov/librt-2.11.1.so
b6907000-b690a000 ---p 00000000 00:00 0 
b690a000-b6958000 rwxp 00000000 00:00 0 
b6958000-b697c000 r-xp 00000000 08:02 2289987    /lib/tls/i686/cmov/libm-2.11.1.so
b697c000-b697d000 r-xp 00023000 08:02 2289987    /lib/tls/i686/cmov/libm-2.11.1.so
b697d000-b697e000 rwxp 00024000 08:02 2289987    /lib/tls/i686/cmov/libm-2.11.1.so
b697e000-b710b000 r-xp 00000000 08:02 354078     /usr/lib/jvm/java-6-sun-1.6.0.24/jre/lib/i386/server/libjvm.so
b710b000-b715e000 rwxp 0078d000 08:02 354078     /usr/lib/jvm/java-6-sun-1.6.0.24/jre/lib/i386/server/libjvm.so
b715e000-b757d000 rwxp 00000000 00:00 0 
b757d000-b76d0000 r-xp 00000000 08:02 2289983    /lib/tls/i686/cmov/libc-2.11.1.so
b76d0000-b76d1000 ---p 00153000 08:02 2289983    /lib/tls/i686/cmov/libc-2.11.1.so
b76d1000-b76d3000 r-xp 00153000 08:02 2289983    /lib/tls/i686/cmov/libc-2.11.1.so
b76d3000-b76d4000 rwxp 00155000 08:02 2289983    /lib/tls/i686/cmov/libc-2.11.1.so
b76d4000-b76d7000 rwxp 00000000 00:00 0 
b76d7000-b76d9000 r-xp 00000000 08:02 2289986    /lib/tls/i686/cmov/libdl-2.11.1.so
b76d9000-b76da000 r-xp 00001000 08:02 2289986    /lib/tls/i686/cmov/libdl-2.11.1.so
b76da000-b76db000 rwxp 00002000 08:02 2289986    /lib/tls/i686/cmov/libdl-2.11.1.so
b76db000-b76e2000 r-xp 00000000 08:02 354067     /usr/lib/jvm/java-6-sun-1.6.0.24/jre/lib/i386/jli/libjli.so
b76e2000-b76e4000 rwxp 00006000 08:02 354067     /usr/lib/jvm/java-6-sun-1.6.0.24/jre/lib/i386/jli/libjli.so
b76e4000-b76e5000 rwxp 00000000 00:00 0 
b76e5000-b76fa000 r-xp 00000000 08:02 2289997    /lib/tls/i686/cmov/libpthread-2.11.1.so
b76fa000-b76fb000 r-xp 00014000 08:02 2289997    /lib/tls/i686/cmov/libpthread-2.11.1.so
b76fb000-b76fc000 rwxp 00015000 08:02 2289997    /lib/tls/i686/cmov/libpthread-2.11.1.so
b76fc000-b76fe000 rwxp 00000000 00:00 0 
b7700000-b7701000 rwxp 00000000 00:00 0 
b7701000-b7702000 r-xp 00000000 00:00 0 
b7702000-b770d000 r-xp 00000000 08:02 354092     /usr/lib/jvm/java-6-sun-1.6.0.24/jre/lib/i386/libverify.so
b770d000-b770e000 rwxp 0000b000 08:02 354092     /usr/lib/jvm/java-6-sun-1.6.0.24/jre/lib/i386/libverify.so
b770e000-b7710000 rwxp 00000000 00:00 0 
b7710000-b7711000 r-xp 00000000 00:00 0          [vdso]
b7711000-b772c000 r-xp 00000000 08:02 2265548    /lib/ld-2.11.1.so
b772c000-b772d000 r-xp 0001a000 08:02 2265548    /lib/ld-2.11.1.so
b772d000-b772e000 rwxp 0001b000 08:02 2265548    /lib/ld-2.11.1.so
bfb17000-bfb2c000 rwxp 00000000 00:00 0          [stack]

VM Arguments:
jvm_args: -Dfile.encoding=UTF-8 -Xbootclasspath:/usr/local/android-sdk-linux_x86/platforms/android-8/android.jar 
java_command: /home/ubuntu/workspace/HelloPhoneGap/libs/phonegap-1.0.0.jar
Launcher Type: SUN_STANDARD

Environment Variables:
JAVA_HOME=/usr/lib/jvm/java-6-sun
CLASSPATH=.:/usr/lib/jvm/java-6-sun/jre/lib:/usr/lib/jvm/java-6-sun/lib:/usr/lib/jvm/java-6-sun/lib/tools.jar
PATH=/usr/local/sbin:/usr/local/bin:/usr/sbin:/usr/bin:/sbin:/bin:/usr/games:/usr/lib/jvm/java-6-sun/bin
USERNAME=ubuntu
LD_LIBRARY_PATH=/usr/lib/jvm/java-6-sun-1.6.0.24/jre/lib/i386/server:/usr/lib/jvm/java-6-sun-1.6.0.24/jre/lib/i386:/usr/lib/jvm/java-6-sun-1.6.0.24/jre/../lib/i386:/usr/lib/jvm/java-6-sun-1.6.0.24/jre/lib/i386/client:/usr/lib/jvm/java-6-sun-1.6.0.24/jre/lib/i386:/usr/lib/xulrunner-1.9.2.18:/usr/lib/xulrunner-1.9.2.18
SHELL=/bin/bash
DISPLAY=:0.0

Signal Handlers:
SIGSEGV: [libjvm.so+0x708f80], sa_mask[0]=0x7ffbfeff, sa_flags=0x10000004
SIGBUS: [libjvm.so+0x708f80], sa_mask[0]=0x7ffbfeff, sa_flags=0x10000004
SIGFPE: [libjvm.so+0x5c4100], sa_mask[0]=0x7ffbfeff, sa_flags=0x10000004
SIGPIPE: [libjvm.so+0x5c4100], sa_mask[0]=0x7ffbfeff, sa_flags=0x10000004
SIGXFSZ: [libjvm.so+0x5c4100], sa_mask[0]=0x7ffbfeff, sa_flags=0x10000004
SIGILL: [libjvm.so+0x5c4100], sa_mask[0]=0x7ffbfeff, sa_flags=0x10000004
SIGUSR1: SIG_DFL, sa_mask[0]=0x00000000, sa_flags=0x00000000
SIGUSR2: [libjvm.so+0x5c70e0], sa_mask[0]=0x00000004, sa_flags=0x10000004
SIGHUP: SIG_DFL, sa_mask[0]=0x00000000, sa_flags=0x00000000
SIGINT: SIG_DFL, sa_mask[0]=0x00000000, sa_flags=0x00000000
SIGTERM: SIG_DFL, sa_mask[0]=0x00000000, sa_flags=0x00000000
SIGQUIT: SIG_DFL, sa_mask[0]=0x00000000, sa_flags=0x00000000


---------------  S Y S T E M  ---------------

OS:squeeze/sid

uname:Linux 2.6.32-32-generic #62-Ubuntu SMP Wed Apr 20 21:54:21 UTC 2011 i686
libc:glibc 2.11.1 NPTL 2.11.1 
rlimit: STACK 8192k, CORE 0k, NPROC infinity, NOFILE 1024, AS infinity
load average:0.50 0.40 0.36

/proc/meminfo:
MemTotal:        2051360 kB
MemFree:          249940 kB
Buffers:          180440 kB
Cached:           700612 kB
SwapCached:            0 kB
Active:          1128120 kB
Inactive:         567140 kB
Active(anon):     849540 kB
Inactive(anon):    87868 kB
Active(file):     278580 kB
Inactive(file):   479272 kB
Unevictable:           0 kB
Mlocked:               0 kB
HighTotal:       1177480 kB
HighFree:           1736 kB
LowTotal:         873880 kB
LowFree:          248204 kB
SwapTotal:       3906552 kB
SwapFree:        3906552 kB
Dirty:               128 kB
Writeback:             0 kB
AnonPages:        814248 kB
Mapped:           127860 kB
Shmem:            123200 kB
Slab:              59752 kB
SReclaimable:      47396 kB
SUnreclaim:        12356 kB
KernelStack:        3136 kB
PageTables:         6908 kB
NFS_Unstable:          0 kB
Bounce:                0 kB
WritebackTmp:          0 kB
CommitLimit:     4932232 kB
Committed_AS:    2667760 kB
VmallocTotal:     122880 kB
VmallocUsed:       37108 kB
VmallocChunk:      79284 kB
HardwareCorrupted:     0 kB
HugePages_Total:       0
HugePages_Free:        0
HugePages_Rsvd:        0
HugePages_Surp:        0
Hugepagesize:       4096 kB
DirectMap4k:       16376 kB
DirectMap4M:      892928 kB


CPU:total 2 (2 cores per cpu, 1 threads per core) family 6 model 23 stepping 10, cmov, cx8, fxsr, mmx, sse, sse2, sse3, ssse3

Memory: 4k page, physical 2051360k(249940k free), swap 3906552k(3906552k free)

vm_info: Java HotSpot(TM) Server VM (19.1-b02) for linux-x86 JRE (1.6.0_24-b07), built on Feb  2 2011 16:51:52 by "java_re" with gcc 3.2.1-7a (J2SE release)

time: Sat Jul 30 12:42:23 2011
elapsed time: 0 seconds

