#
# A fatal error has been detected by the Java Runtime Environment:
#
#  Internal Error (classFileParser.cpp:3375), pid=3911, tid=3064281968
#  Error: ShouldNotReachHere()
#
# JRE version: 6.0_24-b07
# Java VM: Java HotSpot(TM) Server VM (19.1-b02 mixed mode linux-x86 )
# If you would like to submit a bug report, please visit:
#   http://java.sun.com/webapps/bugreport/crash.jsp
#

---------------  T H R E A D  ---------------

Current thread (0x0888e400):  JavaThread "Unknown thread" [_thread_in_vm, id=3912, stack(0xb6a03000,0xb6a54000)]

Stack: [0xb6a03000,0xb6a54000],  sp=0xb6a527c0,  free space=317k
Native frames: (J=compiled Java code, j=interpreted, Vv=VM code, C=native code)
V  [libjvm.so+0x708370]
V  [libjvm.so+0x2e8b5f]
V  [libjvm.so+0x28167a]
V  [libjvm.so+0x287711]
V  [libjvm.so+0x699342]
V  [libjvm.so+0x6973de]
V  [libjvm.so+0x6961a6]
V  [libjvm.so+0x695e10]
V  [libjvm.so+0x69ac2a]
V  [libjvm.so+0x69acbc]
V  [libjvm.so+0x69ad80]
V  [libjvm.so+0x69ab69]
V  [libjvm.so+0x6e0aba]
V  [libjvm.so+0x6e217f]
V  [libjvm.so+0x3a94f8]
V  [libjvm.so+0x6c9c8d]
V  [libjvm.so+0x4025f6]
C  [java+0x305c]
C  [java+0x1942]  JavaMain+0x72
C  [libpthread.so.0+0x596e]


---------------  P R O C E S S  ---------------

Java Threads: ( => current thread )

Other Threads:

=>0x0888e400 (exited) JavaThread "Unknown thread" [_thread_in_vm, id=3912, stack(0xb6a03000,0xb6a54000)]

VM state:not at safepoint (not fully initialized)

VM Mutex/Monitor currently owned by a thread: None

Dynamic libraries:
08048000-08052000 r-xp 00000000 08:02 346089     /usr/lib/jvm/java-6-sun-1.6.0.24/jre/bin/java
08052000-08053000 rwxp 00009000 08:02 346089     /usr/lib/jvm/java-6-sun-1.6.0.24/jre/bin/java
08888000-088ee000 rwxp 00000000 00:00 0          [heap]
8ff65000-8ffca000 r-xs 004cb000 08:02 493431     /usr/local/android-sdk-linux_x86/platforms/android-8/android.jar
8ffca000-8ffcb000 ---p 00000000 00:00 0 
8ffcb000-9004b000 rwxp 00000000 00:00 0 
9004b000-9004c000 ---p 00000000 00:00 0 
9004c000-900d4000 rwxp 00000000 00:00 0 
900d4000-900ec000 rwxp 00000000 00:00 0 
900ec000-900f7000 rwxp 00000000 00:00 0 
900f7000-90194000 rwxp 00000000 00:00 0 
90194000-9019c000 rwxp 00000000 00:00 0 
9019c000-901b4000 rwxp 00000000 00:00 0 
901b4000-901bf000 rwxp 00000000 00:00 0 
901bf000-9025b000 rwxp 00000000 00:00 0 
9025b000-90261000 rwxp 00000000 00:00 0 
90261000-902af000 rwxp 00000000 00:00 0 
902af000-912b0000 rwxp 00000000 00:00 0 
912b0000-942b0000 rwxp 00000000 00:00 0 
942b0000-95790000 rwxp 00000000 00:00 0 
95790000-a9160000 rwxp 00000000 00:00 0 
a9160000-a9bd0000 rwxp 00000000 00:00 0 
a9bd0000-b38b0000 rwxp 00000000 00:00 0 
b38b7000-b38c0000 rwxp 00000000 00:00 0 
b38c0000-b3977000 rwxp 00000000 00:00 0 
b3977000-b3bb7000 rwxp 00000000 00:00 0 
b3bb7000-b6977000 rwxp 00000000 00:00 0 
b6977000-b6986000 r-xp 00000000 08:02 354063     /usr/lib/jvm/java-6-sun-1.6.0.24/jre/lib/i386/libzip.so
b6986000-b6988000 rwxp 0000e000 08:02 354063     /usr/lib/jvm/java-6-sun-1.6.0.24/jre/lib/i386/libzip.so
b6988000-b6992000 r-xp 00000000 08:02 2289992    /lib/tls/i686/cmov/libnss_files-2.11.1.so
b6992000-b6993000 r-xp 00009000 08:02 2289992    /lib/tls/i686/cmov/libnss_files-2.11.1.so
b6993000-b6994000 rwxp 0000a000 08:02 2289992    /lib/tls/i686/cmov/libnss_files-2.11.1.so
b6994000-b699c000 r-xp 00000000 08:02 2289994    /lib/tls/i686/cmov/libnss_nis-2.11.1.so
b699c000-b699d000 r-xp 00007000 08:02 2289994    /lib/tls/i686/cmov/libnss_nis-2.11.1.so
b699d000-b699e000 rwxp 00008000 08:02 2289994    /lib/tls/i686/cmov/libnss_nis-2.11.1.so
b69a6000-b69ae000 rwxs 00000000 08:02 1602582    /tmp/hsperfdata_ubuntu/3911
b69ae000-b69c1000 r-xp 00000000 08:02 2289989    /lib/tls/i686/cmov/libnsl-2.11.1.so
b69c1000-b69c2000 r-xp 00012000 08:02 2289989    /lib/tls/i686/cmov/libnsl-2.11.1.so
b69c2000-b69c3000 rwxp 00013000 08:02 2289989    /lib/tls/i686/cmov/libnsl-2.11.1.so
b69c3000-b69c5000 rwxp 00000000 00:00 0 
b69c6000-b69cc000 r-xp 00000000 08:02 2289990    /lib/tls/i686/cmov/libnss_compat-2.11.1.so
b69cc000-b69cd000 r-xp 00006000 08:02 2289990    /lib/tls/i686/cmov/libnss_compat-2.11.1.so
b69cd000-b69ce000 rwxp 00007000 08:02 2289990    /lib/tls/i686/cmov/libnss_compat-2.11.1.so
b69ce000-b69d4000 r-xp 00000000 08:02 354081     /usr/lib/jvm/java-6-sun-1.6.0.24/jre/lib/i386/native_threads/libhpi.so
b69d4000-b69d5000 rwxp 00006000 08:02 354081     /usr/lib/jvm/java-6-sun-1.6.0.24/jre/lib/i386/native_threads/libhpi.so
b69d5000-b69f8000 r-xp 00000000 08:02 354058     /usr/lib/jvm/java-6-sun-1.6.0.24/jre/lib/i386/libjava.so
b69f8000-b69fa000 rwxp 00023000 08:02 354058     /usr/lib/jvm/java-6-sun-1.6.0.24/jre/lib/i386/libjava.so
b69fa000-b6a01000 r-xp 00000000 08:02 2289999    /lib/tls/i686/cmov/librt-2.11.1.so
b6a01000-b6a02000 r-xp 00006000 08:02 2289999    /lib/tls/i686/cmov/librt-2.11.1.so
b6a02000-b6a03000 rwxp 00007000 08:02 2289999    /lib/tls/i686/cmov/librt-2.11.1.so
b6a03000-b6a06000 ---p 00000000 00:00 0 
b6a06000-b6a54000 rwxp 00000000 00:00 0 
b6a54000-b6a78000 r-xp 00000000 08:02 2289987    /lib/tls/i686/cmov/libm-2.11.1.so
b6a78000-b6a79000 r-xp 00023000 08:02 2289987    /lib/tls/i686/cmov/libm-2.11.1.so
b6a79000-b6a7a000 rwxp 00024000 08:02 2289987    /lib/tls/i686/cmov/libm-2.11.1.so
b6a7a000-b7207000 r-xp 00000000 08:02 354078     /usr/lib/jvm/java-6-sun-1.6.0.24/jre/lib/i386/server/libjvm.so
b7207000-b725a000 rwxp 0078d000 08:02 354078     /usr/lib/jvm/java-6-sun-1.6.0.24/jre/lib/i386/server/libjvm.so
b725a000-b7679000 rwxp 00000000 00:00 0 
b7679000-b77cc000 r-xp 00000000 08:02 2289983    /lib/tls/i686/cmov/libc-2.11.1.so
b77cc000-b77cd000 ---p 00153000 08:02 2289983    /lib/tls/i686/cmov/libc-2.11.1.so
b77cd000-b77cf000 r-xp 00153000 08:02 2289983    /lib/tls/i686/cmov/libc-2.11.1.so
b77cf000-b77d0000 rwxp 00155000 08:02 2289983    /lib/tls/i686/cmov/libc-2.11.1.so
b77d0000-b77d3000 rwxp 00000000 00:00 0 
b77d3000-b77d5000 r-xp 00000000 08:02 2289986    /lib/tls/i686/cmov/libdl-2.11.1.so
b77d5000-b77d6000 r-xp 00001000 08:02 2289986    /lib/tls/i686/cmov/libdl-2.11.1.so
b77d6000-b77d7000 rwxp 00002000 08:02 2289986    /lib/tls/i686/cmov/libdl-2.11.1.so
b77d7000-b77de000 r-xp 00000000 08:02 354067     /usr/lib/jvm/java-6-sun-1.6.0.24/jre/lib/i386/jli/libjli.so
b77de000-b77e0000 rwxp 00006000 08:02 354067     /usr/lib/jvm/java-6-sun-1.6.0.24/jre/lib/i386/jli/libjli.so
b77e0000-b77e1000 rwxp 00000000 00:00 0 
b77e1000-b77f6000 r-xp 00000000 08:02 2289997    /lib/tls/i686/cmov/libpthread-2.11.1.so
b77f6000-b77f7000 r-xp 00014000 08:02 2289997    /lib/tls/i686/cmov/libpthread-2.11.1.so
b77f7000-b77f8000 rwxp 00015000 08:02 2289997    /lib/tls/i686/cmov/libpthread-2.11.1.so
b77f8000-b77fa000 rwxp 00000000 00:00 0 
b77fc000-b77fd000 rwxp 00000000 00:00 0 
b77fd000-b77fe000 r-xp 00000000 00:00 0 
b77fe000-b7809000 r-xp 00000000 08:02 354092     /usr/lib/jvm/java-6-sun-1.6.0.24/jre/lib/i386/libverify.so
b7809000-b780a000 rwxp 0000b000 08:02 354092     /usr/lib/jvm/java-6-sun-1.6.0.24/jre/lib/i386/libverify.so
b780a000-b780c000 rwxp 00000000 00:00 0 
b780c000-b780d000 r-xp 00000000 00:00 0          [vdso]
b780d000-b7828000 r-xp 00000000 08:02 2265548    /lib/ld-2.11.1.so
b7828000-b7829000 r-xp 0001a000 08:02 2265548    /lib/ld-2.11.1.so
b7829000-b782a000 rwxp 0001b000 08:02 2265548    /lib/ld-2.11.1.so
bfc7b000-bfc90000 rwxp 00000000 00:00 0          [stack]

VM Arguments:
jvm_args: -Dfile.encoding=UTF-8 -Xbootclasspath:/usr/local/android-sdk-linux_x86/platforms/android-8/android.jar 
java_command: /home/ubuntu/workspace/HelloPhoneGap/libs/phonegap-1.0.0.jar
Launcher Type: SUN_STANDARD

Environment Variables:
JAVA_HOME=/usr/lib/jvm/java-6-sun
CLASSPATH=.:/usr/lib/jvm/java-6-sun/jre/lib:/usr/lib/jvm/java-6-sun/lib:/usr/lib/jvm/java-6-sun/lib/tools.jar
PATH=/usr/local/sbin:/usr/local/bin:/usr/sbin:/usr/bin:/sbin:/bin:/usr/games:/usr/lib/jvm/java-6-sun/bin
USERNAME=ubuntu
LD_LIBRARY_PATH=/usr/lib/jvm/java-6-sun-1.6.0.24/jre/lib/i386/server:/usr/lib/jvm/java-6-sun-1.6.0.24/jre/lib/i386:/usr/lib/jvm/java-6-sun-1.6.0.24/jre/../lib/i386:/usr/lib/jvm/java-6-sun-1.6.0.24/jre/lib/i386/client:/usr/lib/jvm/java-6-sun-1.6.0.24/jre/lib/i386:/usr/lib/xulrunner-1.9.2.18:/usr/lib/xulrunner-1.9.2.18:/usr/lib/xulrunner-1.9.2.18
SHELL=/bin/bash
DISPLAY=:0.0

Signal Handlers:
SIGSEGV: [libjvm.so+0x708f80], sa_mask[0]=0x7ffbfeff, sa_flags=0x10000004
SIGBUS: [libjvm.so+0x708f80], sa_mask[0]=0x7ffbfeff, sa_flags=0x10000004
SIGFPE: [libjvm.so+0x5c4100], sa_mask[0]=0x7ffbfeff, sa_flags=0x10000004
SIGPIPE: [libjvm.so+0x5c4100], sa_mask[0]=0x7ffbfeff, sa_flags=0x10000004
SIGXFSZ: [libjvm.so+0x5c4100], sa_mask[0]=0x7ffbfeff, sa_flags=0x10000004
SIGILL: [libjvm.so+0x5c4100], sa_mask[0]=0x7ffbfeff, sa_flags=0x10000004
SIGUSR1: SIG_DFL, sa_mask[0]=0x00000000, sa_flags=0x00000000
SIGUSR2: [libjvm.so+0x5c70e0], sa_mask[0]=0x00000004, sa_flags=0x10000004
SIGHUP: SIG_DFL, sa_mask[0]=0x00000000, sa_flags=0x00000000
SIGINT: SIG_DFL, sa_mask[0]=0x00000000, sa_flags=0x00000000
SIGTERM: SIG_DFL, sa_mask[0]=0x00000000, sa_flags=0x00000000
SIGQUIT: SIG_DFL, sa_mask[0]=0x00000000, sa_flags=0x00000000


---------------  S Y S T E M  ---------------

OS:squeeze/sid

uname:Linux 2.6.32-32-generic #62-Ubuntu SMP Wed Apr 20 21:54:21 UTC 2011 i686
libc:glibc 2.11.1 NPTL 2.11.1 
rlimit: STACK 8192k, CORE 0k, NPROC infinity, NOFILE 1024, AS infinity
load average:0.53 0.41 0.37

/proc/meminfo:
MemTotal:        2051360 kB
MemFree:          283684 kB
Buffers:          178756 kB
Cached:           692020 kB
SwapCached:            0 kB
Active:          1072292 kB
Inactive:         590428 kB
Active(anon):     818964 kB
Inactive(anon):    89628 kB
Active(file):     253328 kB
Inactive(file):   500800 kB
Unevictable:           0 kB
Mlocked:               0 kB
HighTotal:       1177480 kB
HighFree:           1736 kB
LowTotal:         873880 kB
LowFree:          281948 kB
SwapTotal:       3906552 kB
SwapFree:        3906552 kB
Dirty:               204 kB
Writeback:             0 kB
AnonPages:        791876 kB
Mapped:           129100 kB
Shmem:            116748 kB
Slab:              59560 kB
SReclaimable:      47348 kB
SUnreclaim:        12212 kB
KernelStack:        3112 kB
PageTables:         6876 kB
NFS_Unstable:          0 kB
Bounce:                0 kB
WritebackTmp:          0 kB
CommitLimit:     4932232 kB
Committed_AS:    2677952 kB
VmallocTotal:     122880 kB
VmallocUsed:       37108 kB
VmallocChunk:      79284 kB
HardwareCorrupted:     0 kB
HugePages_Total:       0
HugePages_Free:        0
HugePages_Rsvd:        0
HugePages_Surp:        0
Hugepagesize:       4096 kB
DirectMap4k:       16376 kB
DirectMap4M:      892928 kB


CPU:total 2 (2 cores per cpu, 1 threads per core) family 6 model 23 stepping 10, cmov, cx8, fxsr, mmx, sse, sse2, sse3, ssse3

Memory: 4k page, physical 2051360k(283684k free), swap 3906552k(3906552k free)

vm_info: Java HotSpot(TM) Server VM (19.1-b02) for linux-x86 JRE (1.6.0_24-b07), built on Feb  2 2011 16:51:52 by "java_re" with gcc 3.2.1-7a (J2SE release)

time: Sat Jul 30 12:20:41 2011
elapsed time: 0 seconds

