#
# A fatal error has been detected by the Java Runtime Environment:
#
#  Internal Error (classFileParser.cpp:3375), pid=3940, tid=3063724912
#  Error: ShouldNotReachHere()
#
# JRE version: 6.0_24-b07
# Java VM: Java HotSpot(TM) Server VM (19.1-b02 mixed mode linux-x86 )
# If you would like to submit a bug report, please visit:
#   http://java.sun.com/webapps/bugreport/crash.jsp
#

---------------  T H R E A D  ---------------

Current thread (0x09d49400):  JavaThread "Unknown thread" [_thread_in_vm, id=3945, stack(0xb697b000,0xb69cc000)]

Stack: [0xb697b000,0xb69cc000],  sp=0xb69ca7c0,  free space=317k
Native frames: (J=compiled Java code, j=interpreted, Vv=VM code, C=native code)
V  [libjvm.so+0x708370]
V  [libjvm.so+0x2e8b5f]
V  [libjvm.so+0x28167a]
V  [libjvm.so+0x287711]
V  [libjvm.so+0x699342]
V  [libjvm.so+0x6973de]
V  [libjvm.so+0x6961a6]
V  [libjvm.so+0x695e10]
V  [libjvm.so+0x69ac2a]
V  [libjvm.so+0x69acbc]
V  [libjvm.so+0x69ad80]
V  [libjvm.so+0x69ab69]
V  [libjvm.so+0x6e0aba]
V  [libjvm.so+0x6e217f]
V  [libjvm.so+0x3a94f8]
V  [libjvm.so+0x6c9c8d]
V  [libjvm.so+0x4025f6]
C  [java+0x305c]
C  [java+0x1942]  JavaMain+0x72
C  [libpthread.so.0+0x596e]


---------------  P R O C E S S  ---------------

Java Threads: ( => current thread )

Other Threads:

=>0x09d49400 (exited) JavaThread "Unknown thread" [_thread_in_vm, id=3945, stack(0xb697b000,0xb69cc000)]

VM state:not at safepoint (not fully initialized)

VM Mutex/Monitor currently owned by a thread: None

Dynamic libraries:
08048000-08052000 r-xp 00000000 08:02 346089     /usr/lib/jvm/java-6-sun-1.6.0.24/jre/bin/java
08052000-08053000 rwxp 00009000 08:02 346089     /usr/lib/jvm/java-6-sun-1.6.0.24/jre/bin/java
09d43000-09da9000 rwxp 00000000 00:00 0          [heap]
8fed5000-8ff3a000 r-xs 004cb000 08:02 493431     /usr/local/android-sdk-linux_x86/platforms/android-8/android.jar
8ff3a000-8ff3b000 ---p 00000000 00:00 0 
8ff3b000-8ffbb000 rwxp 00000000 00:00 0 
8ffbb000-8ffbc000 ---p 00000000 00:00 0 
8ffbc000-90044000 rwxp 00000000 00:00 0 
90044000-9005c000 rwxp 00000000 00:00 0 
9005c000-90067000 rwxp 00000000 00:00 0 
90067000-90104000 rwxp 00000000 00:00 0 
90104000-9010c000 rwxp 00000000 00:00 0 
9010c000-90124000 rwxp 00000000 00:00 0 
90124000-9012f000 rwxp 00000000 00:00 0 
9012f000-901cb000 rwxp 00000000 00:00 0 
901cb000-901d1000 rwxp 00000000 00:00 0 
901d1000-9021f000 rwxp 00000000 00:00 0 
9021f000-91220000 rwxp 00000000 00:00 0 
91220000-94220000 rwxp 00000000 00:00 0 
94220000-95700000 rwxp 00000000 00:00 0 
95700000-a90d0000 rwxp 00000000 00:00 0 
a90d0000-a9b40000 rwxp 00000000 00:00 0 
a9b40000-b3820000 rwxp 00000000 00:00 0 
b382f000-b3838000 rwxp 00000000 00:00 0 
b3838000-b38ef000 rwxp 00000000 00:00 0 
b38ef000-b3b2f000 rwxp 00000000 00:00 0 
b3b2f000-b68ef000 rwxp 00000000 00:00 0 
b68ef000-b68fe000 r-xp 00000000 08:02 354063     /usr/lib/jvm/java-6-sun-1.6.0.24/jre/lib/i386/libzip.so
b68fe000-b6900000 rwxp 0000e000 08:02 354063     /usr/lib/jvm/java-6-sun-1.6.0.24/jre/lib/i386/libzip.so
b6900000-b690a000 r-xp 00000000 08:02 2289992    /lib/tls/i686/cmov/libnss_files-2.11.1.so
b690a000-b690b000 r-xp 00009000 08:02 2289992    /lib/tls/i686/cmov/libnss_files-2.11.1.so
b690b000-b690c000 rwxp 0000a000 08:02 2289992    /lib/tls/i686/cmov/libnss_files-2.11.1.so
b690c000-b6914000 r-xp 00000000 08:02 2289994    /lib/tls/i686/cmov/libnss_nis-2.11.1.so
b6914000-b6915000 r-xp 00007000 08:02 2289994    /lib/tls/i686/cmov/libnss_nis-2.11.1.so
b6915000-b6916000 rwxp 00008000 08:02 2289994    /lib/tls/i686/cmov/libnss_nis-2.11.1.so
b691e000-b6926000 rwxs 00000000 08:02 1602582    /tmp/hsperfdata_ubuntu/3940
b6926000-b6939000 r-xp 00000000 08:02 2289989    /lib/tls/i686/cmov/libnsl-2.11.1.so
b6939000-b693a000 r-xp 00012000 08:02 2289989    /lib/tls/i686/cmov/libnsl-2.11.1.so
b693a000-b693b000 rwxp 00013000 08:02 2289989    /lib/tls/i686/cmov/libnsl-2.11.1.so
b693b000-b693d000 rwxp 00000000 00:00 0 
b693e000-b6944000 r-xp 00000000 08:02 2289990    /lib/tls/i686/cmov/libnss_compat-2.11.1.so
b6944000-b6945000 r-xp 00006000 08:02 2289990    /lib/tls/i686/cmov/libnss_compat-2.11.1.so
b6945000-b6946000 rwxp 00007000 08:02 2289990    /lib/tls/i686/cmov/libnss_compat-2.11.1.so
b6946000-b694c000 r-xp 00000000 08:02 354081     /usr/lib/jvm/java-6-sun-1.6.0.24/jre/lib/i386/native_threads/libhpi.so
b694c000-b694d000 rwxp 00006000 08:02 354081     /usr/lib/jvm/java-6-sun-1.6.0.24/jre/lib/i386/native_threads/libhpi.so
b694d000-b6970000 r-xp 00000000 08:02 354058     /usr/lib/jvm/java-6-sun-1.6.0.24/jre/lib/i386/libjava.so
b6970000-b6972000 rwxp 00023000 08:02 354058     /usr/lib/jvm/java-6-sun-1.6.0.24/jre/lib/i386/libjava.so
b6972000-b6979000 r-xp 00000000 08:02 2289999    /lib/tls/i686/cmov/librt-2.11.1.so
b6979000-b697a000 r-xp 00006000 08:02 2289999    /lib/tls/i686/cmov/librt-2.11.1.so
b697a000-b697b000 rwxp 00007000 08:02 2289999    /lib/tls/i686/cmov/librt-2.11.1.so
b697b000-b697e000 ---p 00000000 00:00 0 
b697e000-b69cc000 rwxp 00000000 00:00 0 
b69cc000-b69f0000 r-xp 00000000 08:02 2289987    /lib/tls/i686/cmov/libm-2.11.1.so
b69f0000-b69f1000 r-xp 00023000 08:02 2289987    /lib/tls/i686/cmov/libm-2.11.1.so
b69f1000-b69f2000 rwxp 00024000 08:02 2289987    /lib/tls/i686/cmov/libm-2.11.1.so
b69f2000-b717f000 r-xp 00000000 08:02 354078     /usr/lib/jvm/java-6-sun-1.6.0.24/jre/lib/i386/server/libjvm.so
b717f000-b71d2000 rwxp 0078d000 08:02 354078     /usr/lib/jvm/java-6-sun-1.6.0.24/jre/lib/i386/server/libjvm.so
b71d2000-b75f1000 rwxp 00000000 00:00 0 
b75f1000-b7744000 r-xp 00000000 08:02 2289983    /lib/tls/i686/cmov/libc-2.11.1.so
b7744000-b7745000 ---p 00153000 08:02 2289983    /lib/tls/i686/cmov/libc-2.11.1.so
b7745000-b7747000 r-xp 00153000 08:02 2289983    /lib/tls/i686/cmov/libc-2.11.1.so
b7747000-b7748000 rwxp 00155000 08:02 2289983    /lib/tls/i686/cmov/libc-2.11.1.so
b7748000-b774b000 rwxp 00000000 00:00 0 
b774b000-b774d000 r-xp 00000000 08:02 2289986    /lib/tls/i686/cmov/libdl-2.11.1.so
b774d000-b774e000 r-xp 00001000 08:02 2289986    /lib/tls/i686/cmov/libdl-2.11.1.so
b774e000-b774f000 rwxp 00002000 08:02 2289986    /lib/tls/i686/cmov/libdl-2.11.1.so
b774f000-b7756000 r-xp 00000000 08:02 354067     /usr/lib/jvm/java-6-sun-1.6.0.24/jre/lib/i386/jli/libjli.so
b7756000-b7758000 rwxp 00006000 08:02 354067     /usr/lib/jvm/java-6-sun-1.6.0.24/jre/lib/i386/jli/libjli.so
b7758000-b7759000 rwxp 00000000 00:00 0 
b7759000-b776e000 r-xp 00000000 08:02 2289997    /lib/tls/i686/cmov/libpthread-2.11.1.so
b776e000-b776f000 r-xp 00014000 08:02 2289997    /lib/tls/i686/cmov/libpthread-2.11.1.so
b776f000-b7770000 rwxp 00015000 08:02 2289997    /lib/tls/i686/cmov/libpthread-2.11.1.so
b7770000-b7772000 rwxp 00000000 00:00 0 
b7774000-b7775000 rwxp 00000000 00:00 0 
b7775000-b7776000 r-xp 00000000 00:00 0 
b7776000-b7781000 r-xp 00000000 08:02 354092     /usr/lib/jvm/java-6-sun-1.6.0.24/jre/lib/i386/libverify.so
b7781000-b7782000 rwxp 0000b000 08:02 354092     /usr/lib/jvm/java-6-sun-1.6.0.24/jre/lib/i386/libverify.so
b7782000-b7784000 rwxp 00000000 00:00 0 
b7784000-b7785000 r-xp 00000000 00:00 0          [vdso]
b7785000-b77a0000 r-xp 00000000 08:02 2265548    /lib/ld-2.11.1.so
b77a0000-b77a1000 r-xp 0001a000 08:02 2265548    /lib/ld-2.11.1.so
b77a1000-b77a2000 rwxp 0001b000 08:02 2265548    /lib/ld-2.11.1.so
bfada000-bfaef000 rwxp 00000000 00:00 0          [stack]

VM Arguments:
jvm_args: -Dfile.encoding=UTF-8 -Xbootclasspath:/usr/local/android-sdk-linux_x86/platforms/android-8/android.jar 
java_command: /home/ubuntu/workspace/HelloPhoneGap/libs/phonegap-1.0.0.jar
Launcher Type: SUN_STANDARD

Environment Variables:
JAVA_HOME=/usr/lib/jvm/java-6-sun
CLASSPATH=.:/usr/lib/jvm/java-6-sun/jre/lib:/usr/lib/jvm/java-6-sun/lib:/usr/lib/jvm/java-6-sun/lib/tools.jar
PATH=/usr/local/sbin:/usr/local/bin:/usr/sbin:/usr/bin:/sbin:/bin:/usr/games:/usr/lib/jvm/java-6-sun/bin
USERNAME=ubuntu
LD_LIBRARY_PATH=/usr/lib/jvm/java-6-sun-1.6.0.24/jre/lib/i386/server:/usr/lib/jvm/java-6-sun-1.6.0.24/jre/lib/i386:/usr/lib/jvm/java-6-sun-1.6.0.24/jre/../lib/i386:/usr/lib/jvm/java-6-sun-1.6.0.24/jre/lib/i386/client:/usr/lib/jvm/java-6-sun-1.6.0.24/jre/lib/i386:/usr/lib/xulrunner-1.9.2.18:/usr/lib/xulrunner-1.9.2.18:/usr/lib/xulrunner-1.9.2.18
SHELL=/bin/bash
DISPLAY=:0.0

Signal Handlers:
SIGSEGV: [libjvm.so+0x708f80], sa_mask[0]=0x7ffbfeff, sa_flags=0x10000004
SIGBUS: [libjvm.so+0x708f80], sa_mask[0]=0x7ffbfeff, sa_flags=0x10000004
SIGFPE: [libjvm.so+0x5c4100], sa_mask[0]=0x7ffbfeff, sa_flags=0x10000004
SIGPIPE: [libjvm.so+0x5c4100], sa_mask[0]=0x7ffbfeff, sa_flags=0x10000004
SIGXFSZ: [libjvm.so+0x5c4100], sa_mask[0]=0x7ffbfeff, sa_flags=0x10000004
SIGILL: [libjvm.so+0x5c4100], sa_mask[0]=0x7ffbfeff, sa_flags=0x10000004
SIGUSR1: SIG_DFL, sa_mask[0]=0x00000000, sa_flags=0x00000000
SIGUSR2: [libjvm.so+0x5c70e0], sa_mask[0]=0x00000004, sa_flags=0x10000004
SIGHUP: SIG_DFL, sa_mask[0]=0x00000000, sa_flags=0x00000000
SIGINT: SIG_DFL, sa_mask[0]=0x00000000, sa_flags=0x00000000
SIGTERM: SIG_DFL, sa_mask[0]=0x00000000, sa_flags=0x00000000
SIGQUIT: SIG_DFL, sa_mask[0]=0x00000000, sa_flags=0x00000000


---------------  S Y S T E M  ---------------

OS:squeeze/sid

uname:Linux 2.6.32-32-generic #62-Ubuntu SMP Wed Apr 20 21:54:21 UTC 2011 i686
libc:glibc 2.11.1 NPTL 2.11.1 
rlimit: STACK 8192k, CORE 0k, NPROC infinity, NOFILE 1024, AS infinity
load average:0.54 0.45 0.38

/proc/meminfo:
MemTotal:        2051360 kB
MemFree:          273624 kB
Buffers:          178900 kB
Cached:           692380 kB
SwapCached:            0 kB
Active:          1083172 kB
Inactive:         589260 kB
Active(anon):     828216 kB
Inactive(anon):    88516 kB
Active(file):     254956 kB
Inactive(file):   500744 kB
Unevictable:           0 kB
Mlocked:               0 kB
HighTotal:       1177480 kB
HighFree:           1736 kB
LowTotal:         873880 kB
LowFree:          271888 kB
SwapTotal:       3906552 kB
SwapFree:        3906552 kB
Dirty:               120 kB
Writeback:             0 kB
AnonPages:        801152 kB
Mapped:           129688 kB
Shmem:            115580 kB
Slab:              59568 kB
SReclaimable:      47348 kB
SUnreclaim:        12220 kB
KernelStack:        3120 kB
PageTables:         6880 kB
NFS_Unstable:          0 kB
Bounce:                0 kB
WritebackTmp:          0 kB
CommitLimit:     4932232 kB
Committed_AS:    2684188 kB
VmallocTotal:     122880 kB
VmallocUsed:       37108 kB
VmallocChunk:      79284 kB
HardwareCorrupted:     0 kB
HugePages_Total:       0
HugePages_Free:        0
HugePages_Rsvd:        0
HugePages_Surp:        0
Hugepagesize:       4096 kB
DirectMap4k:       16376 kB
DirectMap4M:      892928 kB


CPU:total 2 (2 cores per cpu, 1 threads per core) family 6 model 23 stepping 10, cmov, cx8, fxsr, mmx, sse, sse2, sse3, ssse3

Memory: 4k page, physical 2051360k(270400k free), swap 3906552k(3906552k free)

vm_info: Java HotSpot(TM) Server VM (19.1-b02) for linux-x86 JRE (1.6.0_24-b07), built on Feb  2 2011 16:51:52 by "java_re" with gcc 3.2.1-7a (J2SE release)

time: Sat Jul 30 12:22:07 2011
elapsed time: 0 seconds

